# JRE version: OpenJDK Runtime Environment (8.0_242-b01) (build 1.8.0_242-release-1644-b01)
# Java VM: OpenJDK 64-Bit Server VM (25.242-b01 mixed mode windows-amd64 compressed oops)
Heap:
 PSYoungGen      total 205312K, used 106316K [0x00000000d5580000, 0x00000000e4c00000, 0x0000000100000000)
  eden space 187392K, 56% used [0x00000000d5580000,0x00000000dbd531f8,0x00000000e0c80000)
  from space 17920K, 0% used [0x00000000e1d80000,0x00000000e1d80000,0x00000000e2f00000)
  to   space 17408K, 0% used [0x00000000e0c80000,0x00000000e0c80000,0x00000000e1d80000)
 ParOldGen       total 83456K, used 38732K [0x0000000080000000, 0x0000000085180000, 0x00000000d5580000)
  object space 83456K, 46% used [0x0000000080000000,0x00000000825d3040,0x0000000085180000)
 Metaspace       used 62614K, capacity 65086K, committed 65328K, reserved 1105920K
  class space    used 8463K, capacity 8989K, committed 9008K, reserved 1048576K
GC Heap History (10 events):
Event: 7.956 GC heap before
{Heap before GC invocations=11 (full 2):
 PSYoungGen      total 123392K, used 9261K [0x00000000d5580000, 0x00000000e0980000, 0x0000000100000000)
  eden space 111616K, 0% used [0x00000000d5580000,0x00000000d5580000,0x00000000dc280000)
  from space 11776K, 78% used [0x00000000dc280000,0x00000000dcb8b488,0x00000000dce00000)
  to   space 11776K, 0% used [0x00000000dfe00000,0x00000000dfe00000,0x00000000e0980000)
 ParOldGen       total 56832K, used 9582K [0x0000000080000000, 0x0000000083780000, 0x00000000d5580000)
  object space 56832K, 16% used [0x0000000080000000,0x000000008095b910,0x0000000083780000)
 Metaspace       used 34423K, capacity 35418K, committed 35496K, reserved 1079296K
  class space    used 4659K, capacity 4911K, committed 4912K, reserved 1048576K
Event: 8.034 GC heap after
Heap after GC invocations=11 (full 2):
 PSYoungGen      total 123392K, used 0K [0x00000000d5580000, 0x00000000e0980000, 0x0000000100000000)
  eden space 111616K, 0% used [0x00000000d5580000,0x00000000d5580000,0x00000000dc280000)
  from space 11776K, 0% used [0x00000000dc280000,0x00000000dc280000,0x00000000dce00000)
  to   space 11776K, 0% used [0x00000000dfe00000,0x00000000dfe00000,0x00000000e0980000)
 ParOldGen       total 83456K, used 16722K [0x0000000080000000, 0x0000000085180000, 0x00000000d5580000)
  object space 83456K, 20% used [0x0000000080000000,0x0000000081054a80,0x0000000085180000)
 Metaspace       used 34423K, capacity 35418K, committed 35496K, reserved 1079296K
  class space    used 4659K, capacity 4911K, committed 4912K, reserved 1048576K
}
Event: 9.471 GC heap before
{Heap before GC invocations=12 (full 2):
 PSYoungGen      total 123392K, used 111616K [0x00000000d5580000, 0x00000000e0980000, 0x0000000100000000)
  eden space 111616K, 100% used [0x00000000d5580000,0x00000000dc280000,0x00000000dc280000)
  from space 11776K, 0% used [0x00000000dc280000,0x00000000dc280000,0x00000000dce00000)
  to   space 11776K, 0% used [0x00000000dfe00000,0x00000000dfe00000,0x00000000e0980000)
 ParOldGen       total 83456K, used 16722K [0x0000000080000000, 0x0000000085180000, 0x00000000d5580000)
  object space 83456K, 20% used [0x0000000080000000,0x0000000081054a80,0x0000000085180000)
 Metaspace       used 40542K, capacity 42148K, committed 42288K, reserved 1085440K
  class space    used 5462K, capacity 5840K, committed 5936K, reserved 1048576K
Event: 9.481 GC heap after
Heap after GC invocations=12 (full 2):
 PSYoungGen      total 155648K, used 10676K [0x00000000d5580000, 0x00000000e0880000, 0x0000000100000000)
  eden space 144896K, 0% used [0x00000000d5580000,0x00000000d5580000,0x00000000de300000)
  from space 10752K, 99% used [0x00000000dfe00000,0x00000000e086d3e8,0x00000000e0880000)
  to   space 12800K, 0% used [0x00000000def80000,0x00000000def80000,0x00000000dfc00000)
 ParOldGen       total 83456K, used 16730K [0x0000000080000000, 0x0000000085180000, 0x00000000d5580000)
  object space 83456K, 20% used [0x0000000080000000,0x0000000081056a80,0x0000000085180000)
 Metaspace       used 40542K, capacity 42148K, committed 42288K, reserved 1085440K
  class space    used 5462K, capacity 5840K, committed 5936K, reserved 1048576K
}
Event: 11.331 GC heap before
{Heap before GC invocations=13 (full 2):
 PSYoungGen      total 155648K, used 155572K [0x00000000d5580000, 0x00000000e0880000, 0x0000000100000000)
  eden space 144896K, 100% used [0x00000000d5580000,0x00000000de300000,0x00000000de300000)
  from space 10752K, 99% used [0x00000000dfe00000,0x00000000e086d3e8,0x00000000e0880000)
  to   space 12800K, 0% used [0x00000000def80000,0x00000000def80000,0x00000000dfc00000)
 ParOldGen       total 83456K, used 16730K [0x0000000080000000, 0x0000000085180000, 0x00000000d5580000)
  object space 83456K, 20% used [0x0000000080000000,0x0000000081056a80,0x0000000085180000)
 Metaspace       used 53892K, capacity 55870K, committed 55984K, reserved 1097728K
  class space    used 7099K, capacity 7592K, committed 7600K, reserved 1048576K
Event: 11.360 GC heap after
Heap after GC invocations=13 (full 2):
 PSYoungGen      total 170496K, used 12788K [0x00000000d5580000, 0x00000000e2f00000, 0x0000000100000000)
  eden space 157696K, 0% used [0x00000000d5580000,0x00000000d5580000,0x00000000def80000)
  from space 12800K, 99% used [0x00000000def80000,0x00000000dfbfd3f0,0x00000000dfc00000)
  to   space 17920K, 0% used [0x00000000e1d80000,0x00000000e1d80000,0x00000000e2f00000)
 ParOldGen       total 83456K, used 26883K [0x0000000080000000, 0x0000000085180000, 0x00000000d5580000)
  object space 83456K, 32% used [0x0000000080000000,0x0000000081a40c18,0x0000000085180000)
 Metaspace       used 53892K, capacity 55870K, committed 55984K, reserved 1097728K
  class space    used 7099K, capacity 7592K, committed 7600K, reserved 1048576K
}
Event: 12.091 GC heap before
{Heap before GC invocations=14 (full 2):
 PSYoungGen      total 170496K, used 95265K [0x00000000d5580000, 0x00000000e2f00000, 0x0000000100000000)
  eden space 157696K, 52% used [0x00000000d5580000,0x00000000da60b328,0x00000000def80000)
  from space 12800K, 99% used [0x00000000def80000,0x00000000dfbfd3f0,0x00000000dfc00000)
  to   space 17920K, 0% used [0x00000000e1d80000,0x00000000e1d80000,0x00000000e2f00000)
 ParOldGen       total 83456K, used 26883K [0x0000000080000000, 0x0000000085180000, 0x00000000d5580000)
  object space 83456K, 32% used [0x0000000080000000,0x0000000081a40c18,0x0000000085180000)
 Metaspace       used 56739K, capacity 59082K, committed 59160K, reserved 1099776K
  class space    used 7526K, capacity 8077K, committed 8112K, reserved 1048576K
Event: 12.152 GC heap after
Heap after GC invocations=14 (full 2):
 PSYoungGen      total 205312K, used 9939K [0x00000000d5580000, 0x00000000e4c00000, 0x0000000100000000)
  eden space 187392K, 0% used [0x00000000d5580000,0x00000000d5580000,0x00000000e0c80000)
  from space 17920K, 55% used [0x00000000e1d80000,0x00000000e2734fa0,0x00000000e2f00000)
  to   space 17408K, 0% used [0x00000000e0c80000,0x00000000e0c80000,0x00000000e1d80000)
 ParOldGen       total 83456K, used 39589K [0x0000000080000000, 0x0000000085180000, 0x00000000d5580000)
  object space 83456K, 47% used [0x0000000080000000,0x00000000826a9500,0x0000000085180000)
 Metaspace       used 56739K, capacity 59082K, committed 59160K, reserved 1099776K
  class space    used 7526K, capacity 8077K, committed 8112K, reserved 1048576K
}
Event: 12.152 GC heap before
{Heap before GC invocations=15 (full 3):
 PSYoungGen      total 205312K, used 9939K [0x00000000d5580000, 0x00000000e4c00000, 0x0000000100000000)
  eden space 187392K, 0% used [0x00000000d5580000,0x00000000d5580000,0x00000000e0c80000)
  from space 17920K, 55% used [0x00000000e1d80000,0x00000000e2734fa0,0x00000000e2f00000)
  to   space 17408K, 0% used [0x00000000e0c80000,0x00000000e0c80000,0x00000000e1d80000)
 ParOldGen       total 83456K, used 39589K [0x0000000080000000, 0x0000000085180000, 0x00000000d5580000)
  object space 83456K, 47% used [0x0000000080000000,0x00000000826a9500,0x0000000085180000)
 Metaspace       used 56739K, capacity 59082K, committed 59160K, reserved 1099776K
  class space    used 7526K, capacity 8077K, committed 8112K, reserved 1048576K
Event: 12.508 GC heap after
Heap after GC invocations=15 (full 3):
 PSYoungGen      total 205312K, used 0K [0x00000000d5580000, 0x00000000e4c00000, 0x0000000100000000)
  eden space 187392K, 0% used [0x00000000d5580000,0x00000000d5580000,0x00000000e0c80000)
  from space 17920K, 0% used [0x00000000e1d80000,0x00000000e1d80000,0x00000000e2f00000)
  to   space 17408K, 0% used [0x00000000e0c80000,0x00000000e0c80000,0x00000000e1d80000)
 ParOldGen       total 83456K, used 38732K [0x0000000080000000, 0x0000000085180000, 0x00000000d5580000)
  object space 83456K, 46% used [0x0000000080000000,0x00000000825d3040,0x0000000085180000)
 Metaspace       used 56687K, capacity 58896K, committed 59160K, reserved 1099776K
  class space    used 7511K, capacity 8026K, committed 8112K, reserved 1048576K
}

